<?xml version="1.0" encoding="UTF-8"?>
<testsuite xmlns:xsi="http://www.w3.org/2001/XMLSchema-instance" xsi:noNamespaceSchemaLocation="https://maven.apache.org/surefire/maven-surefire-plugin/xsd/surefire-test-report-3.0.xsd" version="3.0" name="com.acardibotc.estore.service.UserServiceTest" time="2.241" tests="8" errors="0" skipped="0" failures="0">
  <properties>
[...]
</properties>
  <testcase name="testCreateUser_whenPasswordIsEmpty_throwsIllegalArgumentException" classname="com.acardibotc.estore.service.UserServiceTest" time="1.988"/>
  <testcase name="testCreateUser_whenPasswordDoesNotMatchRepeatpassword_throwsIllegalArgumentException" classname="com.acardibotc.estore.service.UserServiceTest" time="0.008"/>
  <testcase name="testCreateUser_whenUserDetailsProvied_returnUserObject" classname="com.acardibotc.estore.service.UserServiceTest" time="0.128"/>
  <testcase name="testCreateUser_whenLastNameIsEmpty_throwsIllegalArgumentException" classname="com.acardibotc.estore.service.UserServiceTest" time="0.003"/>
  <testcase name="testCreateUser_whenSaveMethodThrowsException_thenThrowsUserServiceException" classname="com.acardibotc.estore.service.UserServiceTest" time="0.017"/>
  <testcase name="testCreateUser_whenUserCreated_scheduleEmailConfirmation" classname="com.acardibotc.estore.service.UserServiceTest" time="0.005"/>
  <testcase name="testCreateUser_whenEmailNotificationExceptionThrown_throwsUserServiceException" classname="com.acardibotc.estore.service.UserServiceTest" time="0.006"/>
  <testcase name="testCreateUser_whenFirstNameIsEmpty_throwsIllegalAgrumentException" classname="com.acardibotc.estore.service.UserServiceTest" time="0.003"/>
</testsuite>